
2016-01-13 23:28:08
[WARN]-[Thread: main]-[com.vanroid.transopt.uitls.ExcelTemplateFactory.getTemplate()]: 加载template_list文件,文件路径:C:/Users/Joe_Huang/git/TranSoprt/TranSoprt Maven Webapp/target/classes/excelTemplate/template_list.xml

2016-01-13 23:29:07
[WARN]-[Thread: main]-[com.vanroid.transopt.uitls.ExcelTemplateFactory.getTemplate()]: 加载template_list文件,文件路径:C:/Users/Joe_Huang/git/TranSoprt/TranSoprt Maven Webapp/target/classes/excelTemplate/template_list.xml

2016-01-13 23:29:07
[ERROR]-[Thread: main]-[com.vanroid.transopt.uitls.SupplierExcel.createExcelTemplate()]: 错误,文件路径错误或supplier.xml文件不存在

2016-01-14 00:16:49
[WARN]-[Thread: main]-[com.vanroid.transopt.uitls.SupplierExcel.createExcelTemplate()]: supplier.xml文件查找成功

2016-01-14 00:22:56
[WARN]-[Thread: main]-[com.vanroid.transopt.uitls.SupplierExcel.createExcelTemplate()]: supplier.xml文件查找成功

2016-01-14 00:24:45
[WARN]-[Thread: main]-[com.vanroid.transopt.uitls.SupplierExcel.createExcelTemplate()]: supplier.xml文件查找成功

2016-01-14 00:25:48
[WARN]-[Thread: main]-[com.vanroid.transopt.uitls.SupplierExcel.createExcelTemplate()]: supplier.xml文件查找成功

2016-01-14 00:28:03
[WARN]-[Thread: main]-[com.vanroid.transopt.uitls.SupplierExcel.createExcelTemplate()]: supplier.xml文件查找成功

2016-01-14 00:28:29
[WARN]-[Thread: main]-[com.vanroid.transopt.uitls.SupplierExcel.createExcelTemplate()]: supplier.xml文件查找成功

2016-01-14 00:29:10
[WARN]-[Thread: main]-[com.vanroid.transopt.uitls.SupplierExcel.createExcelTemplate()]: supplier.xml文件查找成功

2016-01-14 00:29:42
[WARN]-[Thread: main]-[com.vanroid.transopt.uitls.SupplierExcel.createExcelTemplate()]: supplier.xml文件查找成功

2016-01-14 00:29:50
[WARN]-[Thread: main]-[com.vanroid.transopt.uitls.SupplierExcel.createExcelTemplate()]: supplier.xml文件查找成功

2016-01-14 00:30:00
[WARN]-[Thread: main]-[com.vanroid.transopt.uitls.SupplierExcel.createExcelTemplate()]: supplier.xml文件查找成功

2016-01-14 00:30:33
[WARN]-[Thread: main]-[com.vanroid.transopt.uitls.SupplierExcel.createExcelTemplate()]: supplier.xml文件查找成功

2016-01-14 00:30:42
[WARN]-[Thread: main]-[com.vanroid.transopt.uitls.SupplierExcel.createExcelTemplate()]: supplier.xml文件查找成功

2016-01-14 00:33:02
[WARN]-[Thread: main]-[com.vanroid.transopt.uitls.ExcelTemplateFactory.getTemplate()]: 加载template_list文件,文件路径:C:/Users/Joe_Huang/git/TranSoprt/TranSoprt Maven Webapp/target/classes/excelTemplate/template_list.xml

2016-01-14 00:33:13
[WARN]-[Thread: main]-[com.vanroid.transopt.uitls.ExcelTemplateFactory.getTemplate()]: 加载template_list文件,文件路径:C:/Users/Joe_Huang/git/TranSoprt/TranSoprt Maven Webapp/target/classes/excelTemplate/template_list.xml

2016-01-14 00:33:23
[WARN]-[Thread: main]-[com.vanroid.transopt.uitls.ExcelTemplateFactory.getTemplate()]: 加载template_list文件,文件路径:C:/Users/Joe_Huang/git/TranSoprt/TranSoprt Maven Webapp/target/classes/excelTemplate/template_list.xml

2016-01-14 00:33:42
[WARN]-[Thread: main]-[com.vanroid.transopt.uitls.SupplierExcel.createExcelTemplate()]: supplier.xml文件查找成功

2016-01-14 00:34:35
[WARN]-[Thread: main]-[com.vanroid.transopt.uitls.SupplierExcel.createExcelTemplate()]: supplier.xml文件查找成功

2016-01-14 00:34:44
[WARN]-[Thread: main]-[com.vanroid.transopt.uitls.SupplierExcel.createExcelTemplate()]: supplier.xml文件查找成功

2016-01-14 00:38:57
[WARN]-[Thread: main]-[com.vanroid.transopt.uitls.SupplierExcel.createExcelTemplate()]: supplier.xml文件查找成功

2016-01-14 00:41:06
[WARN]-[Thread: main]-[com.vanroid.transopt.uitls.SupplierExcel.createExcelTemplate()]: supplier.xml文件查找成功

2016-01-14 00:44:02
[WARN]-[Thread: main]-[com.vanroid.transopt.uitls.SupplierExcel.createExcelTemplate()]: supplier.xml文件查找成功

2016-01-14 00:44:54
[WARN]-[Thread: main]-[com.vanroid.transopt.uitls.SupplierExcel.createExcelTemplate()]: supplier.xml文件查找成功

2016-01-14 00:45:02
[WARN]-[Thread: main]-[com.vanroid.transopt.uitls.SupplierExcel.createExcelTemplate()]: supplier.xml文件查找成功

2016-01-14 00:45:09
[WARN]-[Thread: main]-[com.vanroid.transopt.uitls.SupplierExcel.createExcelTemplate()]: supplier.xml文件查找成功

2016-01-14 00:45:46
[WARN]-[Thread: main]-[com.vanroid.transopt.uitls.ExcelTemplateFactory.getTemplate()]: 加载template_list文件,文件路径:C:/Users/Joe_Huang/git/TranSoprt/TranSoprt Maven Webapp/target/classes/excelTemplate/template_list.xml

2016-01-14 00:46:18
[WARN]-[Thread: main]-[com.vanroid.transopt.uitls.ExcelTemplateFactory.getTemplate()]: 加载template_list文件,文件路径:C:/Users/Joe_Huang/git/TranSoprt/TranSoprt Maven Webapp/target/classes/excelTemplate/template_list.xml

2016-01-14 00:48:11
[WARN]-[Thread: main]-[com.vanroid.transopt.uitls.ExcelTemplateFactory.getTemplate()]: 加载template_list文件,文件路径:C:/Users/Joe_Huang/git/TranSoprt/TranSoprt Maven Webapp/target/classes/excelTemplate/template_list.xml

2016-01-14 00:48:11
[WARN]-[Thread: main]-[com.vanroid.transopt.uitls.SupplierExcel.createExcelTemplate()]: supplier.xml文件查找成功

2016-01-14 00:48:19
[WARN]-[Thread: main]-[com.vanroid.transopt.uitls.ExcelTemplateFactory.getTemplate()]: 加载template_list文件,文件路径:C:/Users/Joe_Huang/git/TranSoprt/TranSoprt Maven Webapp/target/classes/excelTemplate/template_list.xml

2016-01-14 00:48:19
[WARN]-[Thread: main]-[com.vanroid.transopt.uitls.SupplierExcel.createExcelTemplate()]: supplier.xml文件查找成功

2016-01-14 00:48:26
[WARN]-[Thread: main]-[com.vanroid.transopt.uitls.ExcelTemplateFactory.getTemplate()]: 加载template_list文件,文件路径:C:/Users/Joe_Huang/git/TranSoprt/TranSoprt Maven Webapp/target/classes/excelTemplate/template_list.xml

2016-01-14 00:48:26
[WARN]-[Thread: main]-[com.vanroid.transopt.uitls.SupplierExcel.createExcelTemplate()]: supplier.xml文件查找成功

2016-01-14 00:48:36
[WARN]-[Thread: main]-[com.vanroid.transopt.uitls.ExcelTemplateFactory.getTemplate()]: 加载template_list文件,文件路径:C:/Users/Joe_Huang/git/TranSoprt/TranSoprt Maven Webapp/target/classes/excelTemplate/template_list.xml

2016-01-14 00:48:36
[WARN]-[Thread: main]-[com.vanroid.transopt.uitls.SupplierExcel.createExcelTemplate()]: supplier.xml文件查找成功

2016-01-14 00:48:44
[WARN]-[Thread: main]-[com.vanroid.transopt.uitls.ExcelTemplateFactory.getTemplate()]: 加载template_list文件,文件路径:C:/Users/Joe_Huang/git/TranSoprt/TranSoprt Maven Webapp/target/classes/excelTemplate/template_list.xml

2016-01-14 00:48:44
[WARN]-[Thread: main]-[com.vanroid.transopt.uitls.SupplierExcel.createExcelTemplate()]: supplier.xml文件查找成功

2016-01-14 00:51:49
[WARN]-[Thread: main]-[com.vanroid.transopt.uitls.SupplierExcel.createExcelTemplate()]: supplier.xml文件查找成功

2016-01-14 00:52:39
[WARN]-[Thread: main]-[com.vanroid.transopt.uitls.SupplierExcel.createExcelTemplate()]: supplier.xml文件查找成功

2016-01-14 00:56:07
[WARN]-[Thread: main]-[com.vanroid.transopt.uitls.ExcelTemplateFactory.getTemplate()]: 加载template_list文件,文件路径:C:/Users/Joe_Huang/git/TranSoprt/TranSoprt Maven Webapp/target/classes/excelTemplate/template_list.xml

2016-01-14 00:56:15
[WARN]-[Thread: main]-[com.vanroid.transopt.uitls.ExcelTemplateFactory.getTemplate()]: 加载template_list文件,文件路径:C:/Users/Joe_Huang/git/TranSoprt/TranSoprt Maven Webapp/target/classes/excelTemplate/template_list.xml

2016-01-14 00:56:23
[WARN]-[Thread: main]-[com.vanroid.transopt.uitls.ExcelTemplateFactory.getTemplate()]: 加载template_list文件,文件路径:C:/Users/Joe_Huang/git/TranSoprt/TranSoprt Maven Webapp/target/classes/excelTemplate/template_list.xml

2016-01-14 00:57:19
[WARN]-[Thread: main]-[com.vanroid.transopt.uitls.SupplierExcel.createExcelTemplate()]: supplier.xml文件查找成功

2016-01-14 00:57:29
[WARN]-[Thread: main]-[com.vanroid.transopt.uitls.SupplierExcel.createExcelTemplate()]: supplier.xml文件查找成功

2016-01-14 00:59:31
[WARN]-[Thread: main]-[com.vanroid.transopt.uitls.SupplierExcel.createExcelTemplate()]: supplier.xml文件查找成功

2016-01-14 00:59:37
[WARN]-[Thread: main]-[com.vanroid.transopt.uitls.SupplierExcel.createExcelTemplate()]: supplier.xml文件查找成功

2016-01-14 01:02:23
[WARN]-[Thread: main]-[com.vanroid.transopt.uitls.SupplierExcel.createExcelTemplate()]: supplier.xml文件查找成功

2016-01-14 01:02:31
[WARN]-[Thread: main]-[com.vanroid.transopt.uitls.SupplierExcel.createExcelTemplate()]: supplier.xml文件查找成功

2016-01-14 01:03:04
[WARN]-[Thread: main]-[com.vanroid.transopt.uitls.SupplierExcel.createExcelTemplate()]: supplier.xml文件查找成功

2016-01-14 01:03:11
[WARN]-[Thread: main]-[com.vanroid.transopt.uitls.SupplierExcel.createExcelTemplate()]: supplier.xml文件查找成功

2016-01-14 09:41:59
[WARN]-[Thread: main]-[com.vanroid.transopt.uitls.SupplierExcel.createExcelTemplate()]: supplier.xml文件查找成功

2016-01-14 09:42:59
[WARN]-[Thread: main]-[com.vanroid.transopt.uitls.SupplierExcel.createExcelTemplate()]: supplier.xml文件查找成功

2016-01-14 09:45:56
[WARN]-[Thread: main]-[com.vanroid.transopt.uitls.SupplierExcel.createExcelTemplate()]: supplier.xml文件查找成功

2016-01-14 09:46:01
[WARN]-[Thread: main]-[com.vanroid.transopt.uitls.SupplierExcel.createExcelTemplate()]: supplier.xml文件查找成功

2016-01-14 09:48:15
[WARN]-[Thread: main]-[com.vanroid.transopt.uitls.SupplierExcel.createExcelTemplate()]: supplier.xml文件查找成功

2016-01-14 09:48:21
[WARN]-[Thread: main]-[com.vanroid.transopt.uitls.SupplierExcel.createExcelTemplate()]: supplier.xml文件查找成功

2016-01-14 09:49:10
[WARN]-[Thread: main]-[com.vanroid.transopt.uitls.SupplierExcel.createExcelTemplate()]: supplier.xml文件查找成功

2016-01-14 09:49:17
[WARN]-[Thread: main]-[com.vanroid.transopt.uitls.SupplierExcel.createExcelTemplate()]: supplier.xml文件查找成功

2016-01-14 09:50:00
[WARN]-[Thread: main]-[com.vanroid.transopt.uitls.ExcelTemplateFactory.getTemplate()]: 加载template_list文件,文件路径:C:/Users/Joe_Huang/git/TranSoprt/TranSoprt Maven Webapp/target/classes/excelTemplate/template_list.xml

2016-01-14 09:50:05
[WARN]-[Thread: main]-[com.vanroid.transopt.uitls.ExcelTemplateFactory.getTemplate()]: 加载template_list文件,文件路径:C:/Users/Joe_Huang/git/TranSoprt/TranSoprt Maven Webapp/target/classes/excelTemplate/template_list.xml

2016-01-14 09:50:09
[WARN]-[Thread: main]-[com.vanroid.transopt.uitls.ExcelTemplateFactory.getTemplate()]: 加载template_list文件,文件路径:C:/Users/Joe_Huang/git/TranSoprt/TranSoprt Maven Webapp/target/classes/excelTemplate/template_list.xml

2016-01-14 09:55:15
[WARN]-[Thread: main]-[com.vanroid.transopt.uitls.SupplierExcel.createExcelTemplate()]: supplier.xml文件查找成功

2016-01-14 09:55:15
[ERROR]-[Thread: main]-[com.vanroid.transopt.uitls.SupplierExcel.createExcelTemplate()]: 错误,文件路径错误或supplier.xml文件不存在

2016-01-14 09:55:24
[WARN]-[Thread: main]-[com.vanroid.transopt.uitls.SupplierExcel.createExcelTemplate()]: supplier.xml文件查找成功

2016-01-14 09:55:24
[ERROR]-[Thread: main]-[com.vanroid.transopt.uitls.SupplierExcel.createExcelTemplate()]: 错误,文件路径错误或supplier.xml文件不存在

2016-01-14 09:56:40
[WARN]-[Thread: main]-[com.vanroid.transopt.uitls.SupplierExcel.createExcelTemplate()]: supplier.xml文件查找成功

2016-01-14 09:56:45
[WARN]-[Thread: main]-[com.vanroid.transopt.uitls.SupplierExcel.createExcelTemplate()]: supplier.xml文件查找成功

2016-01-14 09:56:50
[WARN]-[Thread: main]-[com.vanroid.transopt.uitls.SupplierExcel.createExcelTemplate()]: supplier.xml文件查找成功

2016-01-14 09:56:55
[WARN]-[Thread: main]-[com.vanroid.transopt.uitls.SupplierExcel.createExcelTemplate()]: supplier.xml文件查找成功

2016-01-14 09:56:59
[WARN]-[Thread: main]-[com.vanroid.transopt.uitls.SupplierExcel.createExcelTemplate()]: supplier.xml文件查找成功

2016-01-14 09:57:06
[WARN]-[Thread: main]-[com.vanroid.transopt.uitls.SupplierExcel.createExcelTemplate()]: supplier.xml文件查找成功

2016-01-14 09:57:11
[WARN]-[Thread: main]-[com.vanroid.transopt.uitls.SupplierExcel.createExcelTemplate()]: supplier.xml文件查找成功

2016-01-14 10:00:06
[WARN]-[Thread: main]-[com.vanroid.transopt.uitls.SupplierExcel.createExcelTemplate()]: supplier.xml文件查找成功

2016-01-14 10:00:18
[WARN]-[Thread: main]-[com.vanroid.transopt.uitls.SupplierExcel.createExcelTemplate()]: supplier.xml文件查找成功

2016-01-14 10:00:22
[WARN]-[Thread: main]-[com.vanroid.transopt.uitls.SupplierExcel.createExcelTemplate()]: supplier.xml文件查找成功

2016-01-14 10:02:24
[WARN]-[Thread: main]-[com.vanroid.transopt.uitls.SupplierExcel.createExcelTemplate()]: supplier.xml文件查找成功

2016-01-14 10:03:04
[WARN]-[Thread: main]-[com.vanroid.transopt.uitls.SupplierExcel.createExcelTemplate()]: supplier.xml文件查找成功

2016-01-14 10:17:07
[WARN]-[Thread: main]-[com.vanroid.transopt.uitls.SupplierExcel.createExcelTemplate()]: supplier.xml文件查找成功

2016-01-14 10:19:14
[WARN]-[Thread: main]-[com.vanroid.transopt.uitls.SupplierExcel.createExcelTemplate()]: supplier.xml文件查找成功

2016-01-14 10:19:35
[WARN]-[Thread: main]-[com.vanroid.transopt.uitls.SupplierExcel.createExcelTemplate()]: supplier.xml文件查找成功

2016-01-14 10:20:21
[WARN]-[Thread: main]-[com.vanroid.transopt.uitls.SupplierExcel.createExcelTemplate()]: supplier.xml文件查找成功

2016-01-14 10:31:41
[WARN]-[Thread: main]-[com.vanroid.transopt.uitls.SupplierExcel.createExcelTemplate()]: supplier.xml文件查找成功

2016-01-14 10:32:19
[WARN]-[Thread: main]-[com.vanroid.transopt.uitls.SupplierExcel.createExcelTemplate()]: supplier.xml文件查找成功

2016-01-14 10:36:03
[WARN]-[Thread: main]-[com.vanroid.transopt.uitls.SupplierExcel.createExcelTemplate()]: supplier.xml文件查找成功

2016-01-14 10:37:01
[WARN]-[Thread: main]-[com.vanroid.transopt.uitls.SupplierExcel.createExcelTemplate()]: supplier.xml文件查找成功

2016-01-14 10:37:18
[WARN]-[Thread: main]-[com.vanroid.transopt.uitls.SupplierExcel.createExcelTemplate()]: supplier.xml文件查找成功

2016-01-14 10:39:15
[WARN]-[Thread: main]-[com.vanroid.transopt.uitls.SupplierExcel.createExcelTemplate()]: supplier.xml文件查找成功

2016-01-14 10:40:27
[WARN]-[Thread: main]-[com.vanroid.transopt.uitls.SupplierExcel.createExcelTemplate()]: supplier.xml文件查找成功

2016-01-14 10:48:43
[WARN]-[Thread: main]-[com.vanroid.transopt.uitls.SupplierExcel.createExcelTemplate()]: supplier.xml文件查找成功

2016-01-14 10:48:59
[WARN]-[Thread: main]-[com.vanroid.transopt.uitls.SupplierExcel.createExcelTemplate()]: supplier.xml文件查找成功

2016-01-14 10:49:25
[WARN]-[Thread: main]-[com.vanroid.transopt.uitls.SupplierExcel.createExcelTemplate()]: supplier.xml文件查找成功

2016-01-14 10:50:08
[WARN]-[Thread: main]-[com.vanroid.transopt.uitls.SupplierExcel.createExcelTemplate()]: supplier.xml文件查找成功

2016-01-14 10:50:15
[WARN]-[Thread: main]-[com.vanroid.transopt.uitls.SupplierExcel.createExcelTemplate()]: supplier.xml文件查找成功

2016-01-14 10:50:25
[WARN]-[Thread: main]-[com.vanroid.transopt.uitls.SupplierExcel.createExcelTemplate()]: supplier.xml文件查找成功

2016-01-14 10:50:47
[WARN]-[Thread: main]-[com.vanroid.transopt.uitls.SupplierExcel.createExcelTemplate()]: supplier.xml文件查找成功

2016-01-14 10:55:54
[WARN]-[Thread: main]-[com.vanroid.transopt.uitls.SupplierExcel.createExcelTemplate()]: supplier.xml文件查找成功

2016-01-14 10:57:38
[WARN]-[Thread: main]-[com.vanroid.transopt.uitls.SupplierExcel.createExcelTemplate()]: supplier.xml文件查找成功

2016-01-14 10:57:54
[WARN]-[Thread: main]-[com.vanroid.transopt.uitls.SupplierExcel.createExcelTemplate()]: supplier.xml文件查找成功

2016-01-14 10:58:35
[WARN]-[Thread: main]-[com.vanroid.transopt.uitls.SupplierExcel.createExcelTemplate()]: supplier.xml文件查找成功

2016-01-14 11:00:16
[WARN]-[Thread: main]-[com.vanroid.transopt.uitls.SupplierExcel.createExcelTemplate()]: supplier.xml文件查找成功

2016-01-14 11:00:28
[WARN]-[Thread: main]-[com.vanroid.transopt.uitls.SupplierExcel.createExcelTemplate()]: supplier.xml文件查找成功

2016-01-14 11:01:08
[WARN]-[Thread: main]-[com.vanroid.transopt.uitls.SupplierExcel.createExcelTemplate()]: supplier.xml文件查找成功

2016-01-14 11:04:45
[WARN]-[Thread: main]-[com.vanroid.transopt.uitls.SupplierExcel.createExcelTemplate()]: supplier.xml文件查找成功

2016-01-14 11:05:43
[WARN]-[Thread: main]-[com.vanroid.transopt.uitls.SupplierExcel.createExcelTemplate()]: supplier.xml文件查找成功

2016-01-14 11:09:07
[WARN]-[Thread: main]-[com.vanroid.transopt.uitls.SupplierExcel.createExcelTemplate()]: supplier.xml文件查找成功

2016-01-14 11:10:03
[WARN]-[Thread: main]-[com.vanroid.transopt.uitls.SupplierExcel.createExcelTemplate()]: supplier.xml文件查找成功

2016-01-14 11:10:51
[WARN]-[Thread: main]-[com.vanroid.transopt.uitls.ExcelTemplateFactory.getTemplate()]: 加载template_list文件,文件路径:C:/Users/Joe_Huang/git/TranSoprt/TranSoprt Maven Webapp/target/classes/excelTemplate%5ctemplate_list.xml

2016-01-14 11:10:52
[ERROR]-[Thread: main]-[com.vanroid.transopt.uitls.ExcelTemplateFactory.getTemplate()]: template_list.xml文件不存在或文件路径有误

2016-01-14 11:12:23
[WARN]-[Thread: main]-[com.vanroid.transopt.uitls.ExcelTemplateFactory.getTemplate()]: 加载template_list文件,文件路径:C:/Users/Joe_Huang/git/TranSoprt/TranSoprt Maven Webapp/target/classes/excelTemplate/template_list.xml

2016-01-14 11:12:39
[WARN]-[Thread: main]-[com.vanroid.transopt.uitls.SupplierExcel.createExcelTemplate()]: supplier.xml文件查找成功

2016-01-14 11:13:24
[WARN]-[Thread: main]-[com.vanroid.transopt.uitls.SupplierExcel.createExcelTemplate()]: supplier.xml文件查找成功

2016-01-14 11:33:57
[WARN]-[Thread: main]-[com.vanroid.transopt.uitls.SupplierExcel.createExcelTemplate()]: supplier.xml文件查找成功

2016-01-14 11:36:06
[WARN]-[Thread: main]-[com.vanroid.transopt.uitls.SupplierExcel.createExcelTemplate()]: supplier.xml文件查找成功

2016-01-14 11:37:21
[WARN]-[Thread: main]-[com.vanroid.transopt.uitls.SupplierExcel.createExcelTemplate()]: supplier.xml文件查找成功

2016-01-14 11:40:07
[WARN]-[Thread: main]-[com.vanroid.transopt.uitls.SupplierExcel.createExcelTemplate()]: supplier.xml文件查找成功

2016-01-14 11:40:40
[WARN]-[Thread: main]-[com.vanroid.transopt.uitls.SupplierExcel.createExcelTemplate()]: supplier.xml文件查找成功

2016-01-14 11:41:14
[WARN]-[Thread: main]-[com.vanroid.transopt.uitls.SupplierExcel.createExcelTemplate()]: supplier.xml文件查找成功

2016-01-14 11:53:28
[WARN]-[Thread: main]-[com.vanroid.transopt.uitls.SupplierExcel.createExcelTemplate()]: supplier.xml文件查找成功

2016-01-14 11:53:58
[WARN]-[Thread: main]-[com.vanroid.transopt.uitls.SupplierExcel.createExcelTemplate()]: supplier.xml文件查找成功

2016-01-14 11:54:31
[WARN]-[Thread: main]-[com.vanroid.transopt.uitls.SupplierExcel.createExcelTemplate()]: supplier.xml文件查找成功

2016-01-14 12:38:46
[WARN]-[Thread: main]-[com.vanroid.transopt.uitls.SupplierExcel.createExcelTemplate()]: supplier.xml文件查找成功

2016-01-14 12:40:16
[WARN]-[Thread: main]-[com.vanroid.transopt.uitls.SupplierExcel.createExcelTemplate()]: supplier.xml文件查找成功

2016-01-14 12:48:30
[WARN]-[Thread: main]-[com.vanroid.transopt.uitls.SupplierExcel.createExcelTemplate()]: supplier.xml文件查找成功

2016-01-14 12:48:30
[ERROR]-[Thread: main]-[com.vanroid.transopt.uitls.SupplierExcel.writeToExcel()]: supplier.xml文件中rowspan和colspan必须是整数
java.lang.NumberFormatException: For input string: "ssd"
	at java.lang.NumberFormatException.forInputString(NumberFormatException.java:65)
	at java.lang.Integer.parseInt(Integer.java:492)
	at java.lang.Integer.parseInt(Integer.java:527)
	at com.vanroid.transopt.uitls.SupplierExcel.writeToExcel(SupplierExcel.java:96)
	at com.vanroid.transopt.uitls.SupplierExcel.createExcelTemplate(SupplierExcel.java:55)
	at com.vanroid.transopt.uitls.SupplierExcel.main(SupplierExcel.java:142)

2016-01-14 13:00:52
[WARN]-[Thread: main]-[com.vanroid.transopt.uitls.SupplierExcel.createExcelTemplate()]: supplier.xml文件查找成功

2016-01-14 13:03:02
[WARN]-[Thread: main]-[com.vanroid.transopt.uitls.SupplierExcel.createExcelTemplate()]: supplier.xml文件查找成功

2016-01-14 13:11:23
[WARN]-[Thread: main]-[com.vanroid.transopt.uitls.SupplierExcel.createExcelTemplate()]: supplier.xml文件查找成功

2016-01-14 13:11:41
[WARN]-[Thread: main]-[com.vanroid.transopt.uitls.SupplierExcel.createExcelTemplate()]: supplier.xml文件查找成功

2016-01-14 13:12:14
[WARN]-[Thread: main]-[com.vanroid.transopt.uitls.SupplierExcel.createExcelTemplate()]: supplier.xml文件查找成功

2016-01-14 13:22:41
[WARN]-[Thread: main]-[com.vanroid.transopt.uitls.SupplierExcel.createExcelTemplate()]: supplier.xml文件查找成功

2016-01-14 13:29:32
[WARN]-[Thread: main]-[com.vanroid.transopt.uitls.SupplierExcel.createExcelTemplate()]: supplier.xml文件查找成功

2016-01-14 13:30:00
[WARN]-[Thread: main]-[com.vanroid.transopt.uitls.SupplierExcel.createExcelTemplate()]: supplier.xml文件查找成功

2016-01-14 13:30:13
[WARN]-[Thread: main]-[com.vanroid.transopt.uitls.SupplierExcel.createExcelTemplate()]: supplier.xml文件查找成功

2016-01-14 13:32:30
[WARN]-[Thread: main]-[com.vanroid.transopt.uitls.SupplierExcel.createExcelTemplate()]: supplier.xml文件查找成功

2016-01-14 13:32:39
[WARN]-[Thread: main]-[com.vanroid.transopt.uitls.SupplierExcel.createExcelTemplate()]: supplier.xml文件查找成功

2016-01-14 13:33:22
[WARN]-[Thread: main]-[com.vanroid.transopt.uitls.SupplierExcel.createExcelTemplate()]: supplier.xml文件查找成功

2016-01-14 13:35:46
[WARN]-[Thread: main]-[com.vanroid.transopt.uitls.SupplierExcel.createExcelTemplate()]: supplier.xml文件查找成功

2016-01-14 13:36:03
[WARN]-[Thread: main]-[com.vanroid.transopt.uitls.SupplierExcel.createExcelTemplate()]: supplier.xml文件查找成功

2016-01-16 16:08:17
[WARN]-[Thread: main]-[com.vanroid.transopt.uitls.SupplierExcel.createExcelTemplate()]: supplier.xml文件查找成功

2016-01-16 16:10:25
[WARN]-[Thread: main]-[com.vanroid.transopt.uitls.SupplierExcel.createExcelTemplate()]: supplier.xml文件查找成功

2016-01-16 16:11:08
[WARN]-[Thread: main]-[com.vanroid.transopt.uitls.SupplierExcel.createExcelTemplate()]: supplier.xml文件查找成功

2016-01-16 16:11:19
[WARN]-[Thread: main]-[com.vanroid.transopt.uitls.SupplierExcel.createExcelTemplate()]: supplier.xml文件查找成功

2016-01-16 16:15:59
[WARN]-[Thread: main]-[com.vanroid.transopt.uitls.SupplierExcel.createExcelTemplate()]: supplier.xml文件查找成功

2016-01-16 16:16:10
[WARN]-[Thread: main]-[com.vanroid.transopt.uitls.SupplierExcel.createExcelTemplate()]: supplier.xml文件查找成功

2016-01-16 16:45:33
[WARN]-[Thread: main]-[com.vanroid.transopt.uitls.SupplierExcel.createExcelTemplate()]: supplier.xml文件查找成功

2016-01-16 16:50:27
[WARN]-[Thread: main]-[com.vanroid.transopt.uitls.SupplierExcel.createExcelTemplate()]: supplier.xml文件查找成功

2016-01-16 16:51:08
[WARN]-[Thread: main]-[com.vanroid.transopt.uitls.SupplierExcel.createExcelTemplate()]: supplier.xml文件查找成功

2016-01-21 23:20:31
[WARN]-[Thread: main]-[com.vanroid.transopt.uitls.ExcelTemplateFactory.getTemplate()]: 加载template_list文件,文件路径:C:/Users/Joe_Huang/git/TranSoprt/TranSoprt Maven Webapp/target/classes/excelTemplate/template_list.xml

2016-01-21 23:20:31
[WARN]-[Thread: main]-[com.vanroid.transopt.uitls.BaseExcel.createExcelTemplate()]: supplier.xml文件查找成功

2016-01-23 18:05:46
[WARN]-[Thread: main]-[com.vanroid.transopt.uitls.ExcelTemplateFactory.getTemplate()]: 加载template_list文件,文件路径:C:/Users/Joe_Huang/git/TranSoprt/TranSoprt Maven Webapp/target/classes/excelTemplate/template_list.xml

2016-01-23 18:14:41
[WARN]-[Thread: main]-[com.vanroid.transopt.uitls.ExcelTemplateFactory.getTemplate()]: 加载template_list文件,文件路径:C:/Users/Joe_Huang/git/TranSoprt/TranSoprt Maven Webapp/target/classes/excelTemplate/template_list.xml

2016-01-23 18:15:12
[WARN]-[Thread: main]-[com.vanroid.transopt.uitls.ExcelTemplateFactory.getTemplate()]: 加载template_list文件,文件路径:C:/Users/Joe_Huang/git/TranSoprt/TranSoprt Maven Webapp/target/classes/excelTemplate/template_list.xml

2016-01-23 18:15:57
[WARN]-[Thread: main]-[com.vanroid.transopt.uitls.ExcelTemplateFactory.getTemplate()]: 加载template_list文件,文件路径:C:/Users/Joe_Huang/git/TranSoprt/TranSoprt Maven Webapp/target/classes/excelTemplate/template_list.xml

2016-01-23 18:19:09
[WARN]-[Thread: main]-[com.vanroid.transopt.uitls.ExcelTemplateFactory.getTemplate()]: 加载template_list文件,文件路径:C:/Users/Joe_Huang/git/TranSoprt/TranSoprt Maven Webapp/target/classes/excelTemplate/template_list.xml

2016-01-23 18:19:33
[WARN]-[Thread: main]-[com.vanroid.transopt.uitls.ExcelTemplateFactory.getTemplate()]: 加载template_list文件,文件路径:C:/Users/Joe_Huang/git/TranSoprt/TranSoprt Maven Webapp/target/classes/excelTemplate/template_list.xml

2016-01-23 18:20:16
[WARN]-[Thread: main]-[com.vanroid.transopt.uitls.ExcelTemplateFactory.getTemplate()]: 加载template_list文件,文件路径:C:/Users/Joe_Huang/git/TranSoprt/TranSoprt Maven Webapp/target/classes/excelTemplate/template_list.xml

2016-01-23 18:21:02
[WARN]-[Thread: main]-[com.vanroid.transopt.uitls.ExcelTemplateFactory.getTemplate()]: 加载template_list文件,文件路径:C:/Users/Joe_Huang/git/TranSoprt/TranSoprt Maven Webapp/target/classes/excelTemplate/template_list.xml

2016-01-23 18:21:34
[WARN]-[Thread: main]-[com.vanroid.transopt.uitls.ExcelTemplateFactory.getTemplate()]: 加载template_list文件,文件路径:C:/Users/Joe_Huang/git/TranSoprt/TranSoprt Maven Webapp/target/classes/excelTemplate/template_list.xml

2016-01-23 18:21:59
[WARN]-[Thread: main]-[com.vanroid.transopt.uitls.ExcelTemplateFactory.getTemplate()]: 加载template_list文件,文件路径:C:/Users/Joe_Huang/git/TranSoprt/TranSoprt Maven Webapp/target/classes/excelTemplate/template_list.xml

2016-01-23 18:23:03
[WARN]-[Thread: main]-[com.vanroid.transopt.uitls.ExcelTemplateFactory.getTemplate()]: 加载template_list文件,文件路径:C:/Users/Joe_Huang/git/TranSoprt/TranSoprt Maven Webapp/target/classes/excelTemplate/template_list.xml

2016-01-23 18:23:47
[WARN]-[Thread: main]-[com.vanroid.transopt.uitls.ExcelTemplateFactory.getTemplate()]: 加载template_list文件,文件路径:C:/Users/Joe_Huang/git/TranSoprt/TranSoprt Maven Webapp/target/classes/excelTemplate/template_list.xml

2016-01-23 18:24:07
[WARN]-[Thread: main]-[com.vanroid.transopt.uitls.ExcelTemplateFactory.getTemplate()]: 加载template_list文件,文件路径:C:/Users/Joe_Huang/git/TranSoprt/TranSoprt Maven Webapp/target/classes/excelTemplate/template_list.xml

2016-01-23 18:25:23
[WARN]-[Thread: main]-[com.vanroid.transopt.uitls.ExcelTemplateFactory.getTemplate()]: 加载template_list文件,文件路径:C:/Users/Joe_Huang/git/TranSoprt/TranSoprt Maven Webapp/target/classes/excelTemplate/template_list.xml

2016-01-23 18:26:00
[WARN]-[Thread: main]-[com.vanroid.transopt.uitls.ExcelTemplateFactory.getTemplate()]: 加载template_list文件,文件路径:C:/Users/Joe_Huang/git/TranSoprt/TranSoprt Maven Webapp/target/classes/excelTemplate/template_list.xml

2016-01-23 18:32:21
[WARN]-[Thread: main]-[com.vanroid.transopt.uitls.ExcelTemplateFactory.getTemplate()]: 加载template_list文件,文件路径:C:/Users/Joe_Huang/git/TranSoprt/TranSoprt Maven Webapp/target/classes/excelTemplate/template_list.xml

2016-01-23 18:55:30
[WARN]-[Thread: main]-[com.vanroid.transopt.uitls.ExcelTemplateFactory.getTemplate()]: 加载template_list文件,文件路径:C:/Users/Joe_Huang/git/TranSoprt/TranSoprt Maven Webapp/target/classes/excelTemplate/template_list.xml

2016-01-23 18:55:54
[WARN]-[Thread: main]-[com.vanroid.transopt.uitls.ExcelTemplateFactory.getTemplate()]: 加载template_list文件,文件路径:C:/Users/Joe_Huang/git/TranSoprt/TranSoprt Maven Webapp/target/classes/excelTemplate/template_list.xml

2016-01-23 19:31:27
[WARN]-[Thread: main]-[com.vanroid.transopt.uitls.ExcelTemplateFactory.getTemplate()]: 加载template_list文件,文件路径:C:/Users/Joe_Huang/git/TranSoprt/TranSoprt Maven Webapp/target/classes/excelTemplate/template_list.xml

2016-01-23 19:32:41
[WARN]-[Thread: main]-[com.vanroid.transopt.uitls.ExcelTemplateFactory.getTemplate()]: 加载template_list文件,文件路径:C:/Users/Joe_Huang/git/TranSoprt/TranSoprt Maven Webapp/target/classes/excelTemplate/template_list.xml

2016-01-23 19:34:29
[WARN]-[Thread: main]-[com.vanroid.transopt.uitls.ExcelTemplateFactory.getTemplate()]: 加载template_list文件,文件路径:C:/Users/Joe_Huang/git/TranSoprt/TranSoprt Maven Webapp/target/classes/excelTemplate/template_list.xml

2016-01-23 19:36:27
[WARN]-[Thread: main]-[com.vanroid.transopt.uitls.ExcelTemplateFactory.getTemplate()]: 加载template_list文件,文件路径:C:/Users/Joe_Huang/git/TranSoprt/TranSoprt Maven Webapp/target/classes/excelTemplate/template_list.xml

2016-01-23 19:52:28
[WARN]-[Thread: main]-[com.vanroid.transopt.uitls.ExcelTemplateFactory.getTemplate()]: 加载template_list文件,文件路径:C:/Users/Joe_Huang/git/TranSoprt/TranSoprt Maven Webapp/target/classes/excelTemplate/template_list.xml

2016-01-23 19:52:43
[WARN]-[Thread: main]-[com.vanroid.transopt.uitls.ExcelTemplateFactory.getTemplate()]: 加载template_list文件,文件路径:C:/Users/Joe_Huang/git/TranSoprt/TranSoprt Maven Webapp/target/classes/excelTemplate/template_list.xml

2016-01-23 19:53:14
[WARN]-[Thread: main]-[com.vanroid.transopt.uitls.ExcelTemplateFactory.getTemplate()]: 加载template_list文件,文件路径:C:/Users/Joe_Huang/git/TranSoprt/TranSoprt Maven Webapp/target/classes/excelTemplate/template_list.xml

2016-01-23 19:56:21
[WARN]-[Thread: main]-[com.vanroid.transopt.uitls.ExcelTemplateFactory.getTemplate()]: 加载template_list文件,文件路径:C:/Users/Joe_Huang/git/TranSoprt/TranSoprt Maven Webapp/target/classes/excelTemplate/template_list.xml

2016-01-26 21:45:40
[INFO]-[Thread: main]-[test.TestLogin.getpwd()]: pwd：202cb962ac59075b964b07152d234b70

2016-01-26 22:31:08
[INFO]-[Thread: main]-[com.mchange.v2.log.MLog.<clinit>()]: MLog clients using log4j logging.

2016-01-26 22:31:08
[INFO]-[Thread: main]-[com.mchange.v2.c3p0.C3P0Registry.banner()]: Initializing c3p0-0.9.1.2 [built 21-May-2007 15:04:56; debug? true; trace: 10]

2016-01-26 22:31:08
[INFO]-[Thread: main]-[com.mchange.v2.c3p0.impl.AbstractPoolBackedDataSource.getPoolManager()]: Initializing c3p0 pool... com.mchange.v2.c3p0.ComboPooledDataSource [ acquireIncrement -> 2, acquireRetryAttempts -> 30, acquireRetryDelay -> 1000, autoCommitOnClose -> false, automaticTestTable -> null, breakAfterAcquireFailure -> false, checkoutTimeout -> 0, connectionCustomizerClassName -> null, connectionTesterClassName -> com.mchange.v2.c3p0.impl.DefaultConnectionTester, dataSourceName -> 1hge1379ez2101jdra2ff|e522a0, debugUnreturnedConnectionStackTraces -> false, description -> null, driverClass -> com.mysql.jdbc.Driver, factoryClassLocation -> null, forceIgnoreUnresolvedTransactions -> false, identityToken -> 1hge1379ez2101jdra2ff|e522a0, idleConnectionTestPeriod -> 0, initialPoolSize -> 10, jdbcUrl -> jdbc:mysql://127.0.0.1:3306/transport?characterEncoding=utf8&zeroDateTimeBehavior=convertToNull, maxAdministrativeTaskTime -> 0, maxConnectionAge -> 0, maxIdleTime -> 20, maxIdleTimeExcessConnections -> 0, maxPoolSize -> 100, maxStatements -> 0, maxStatementsPerConnection -> 0, minPoolSize -> 10, numHelperThreads -> 3, numThreadsAwaitingCheckoutDefaultUser -> 0, preferredTestQuery -> null, properties -> {user=******, password=******}, propertyCycle -> 0, testConnectionOnCheckin -> false, testConnectionOnCheckout -> false, unreturnedConnectionTimeout -> 0, usesTraditionalReflectiveProxies -> false ]

2016-01-26 22:31:36
[INFO]-[Thread: main]-[com.mchange.v2.log.MLog.<clinit>()]: MLog clients using log4j logging.

2016-01-26 22:31:36
[INFO]-[Thread: main]-[com.mchange.v2.c3p0.C3P0Registry.banner()]: Initializing c3p0-0.9.1.2 [built 21-May-2007 15:04:56; debug? true; trace: 10]

2016-01-26 22:31:36
[INFO]-[Thread: main]-[com.mchange.v2.c3p0.impl.AbstractPoolBackedDataSource.getPoolManager()]: Initializing c3p0 pool... com.mchange.v2.c3p0.ComboPooledDataSource [ acquireIncrement -> 2, acquireRetryAttempts -> 30, acquireRetryDelay -> 1000, autoCommitOnClose -> false, automaticTestTable -> null, breakAfterAcquireFailure -> false, checkoutTimeout -> 0, connectionCustomizerClassName -> null, connectionTesterClassName -> com.mchange.v2.c3p0.impl.DefaultConnectionTester, dataSourceName -> 1hge1379ez21lsa189i495|f247ca, debugUnreturnedConnectionStackTraces -> false, description -> null, driverClass -> com.mysql.jdbc.Driver, factoryClassLocation -> null, forceIgnoreUnresolvedTransactions -> false, identityToken -> 1hge1379ez21lsa189i495|f247ca, idleConnectionTestPeriod -> 0, initialPoolSize -> 10, jdbcUrl -> jdbc:mysql://127.0.0.1:3306/transport?characterEncoding=utf8&zeroDateTimeBehavior=convertToNull, maxAdministrativeTaskTime -> 0, maxConnectionAge -> 0, maxIdleTime -> 20, maxIdleTimeExcessConnections -> 0, maxPoolSize -> 100, maxStatements -> 0, maxStatementsPerConnection -> 0, minPoolSize -> 10, numHelperThreads -> 3, numThreadsAwaitingCheckoutDefaultUser -> 0, preferredTestQuery -> null, properties -> {user=******, password=******}, propertyCycle -> 0, testConnectionOnCheckin -> false, testConnectionOnCheckout -> false, unreturnedConnectionTimeout -> 0, usesTraditionalReflectiveProxies -> false ]

2016-01-27 20:43:14
[INFO]-[Thread: main]-[com.mchange.v2.log.MLog.<clinit>()]: MLog clients using log4j logging.

2016-01-27 20:43:14
[INFO]-[Thread: main]-[com.mchange.v2.c3p0.C3P0Registry.banner()]: Initializing c3p0-0.9.1.2 [built 21-May-2007 15:04:56; debug? true; trace: 10]

2016-01-27 20:43:14
[INFO]-[Thread: main]-[com.mchange.v2.c3p0.impl.AbstractPoolBackedDataSource.getPoolManager()]: Initializing c3p0 pool... com.mchange.v2.c3p0.ComboPooledDataSource [ acquireIncrement -> 2, acquireRetryAttempts -> 30, acquireRetryDelay -> 1000, autoCommitOnClose -> false, automaticTestTable -> null, breakAfterAcquireFailure -> false, checkoutTimeout -> 0, connectionCustomizerClassName -> null, connectionTesterClassName -> com.mchange.v2.c3p0.impl.DefaultConnectionTester, dataSourceName -> 1hge1379e10dm3c1145hqfx|d5afff, debugUnreturnedConnectionStackTraces -> false, description -> null, driverClass -> com.mysql.jdbc.Driver, factoryClassLocation -> null, forceIgnoreUnresolvedTransactions -> false, identityToken -> 1hge1379e10dm3c1145hqfx|d5afff, idleConnectionTestPeriod -> 0, initialPoolSize -> 10, jdbcUrl -> jdbc:mysql://127.0.0.1:3306/transport?characterEncoding=utf8&zeroDateTimeBehavior=convertToNull, maxAdministrativeTaskTime -> 0, maxConnectionAge -> 0, maxIdleTime -> 20, maxIdleTimeExcessConnections -> 0, maxPoolSize -> 100, maxStatements -> 0, maxStatementsPerConnection -> 0, minPoolSize -> 10, numHelperThreads -> 3, numThreadsAwaitingCheckoutDefaultUser -> 0, preferredTestQuery -> null, properties -> {user=******, password=******}, propertyCycle -> 0, testConnectionOnCheckin -> false, testConnectionOnCheckout -> false, unreturnedConnectionTimeout -> 0, usesTraditionalReflectiveProxies -> false ]

2016-01-27 20:46:58
[INFO]-[Thread: main]-[com.mchange.v2.log.MLog.<clinit>()]: MLog clients using log4j logging.

2016-01-27 20:46:58
[INFO]-[Thread: main]-[com.mchange.v2.c3p0.C3P0Registry.banner()]: Initializing c3p0-0.9.1.2 [built 21-May-2007 15:04:56; debug? true; trace: 10]

2016-01-27 20:46:59
[INFO]-[Thread: main]-[com.mchange.v2.c3p0.impl.AbstractPoolBackedDataSource.getPoolManager()]: Initializing c3p0 pool... com.mchange.v2.c3p0.ComboPooledDataSource [ acquireIncrement -> 2, acquireRetryAttempts -> 30, acquireRetryDelay -> 1000, autoCommitOnClose -> false, automaticTestTable -> null, breakAfterAcquireFailure -> false, checkoutTimeout -> 0, connectionCustomizerClassName -> null, connectionTesterClassName -> com.mchange.v2.c3p0.impl.DefaultConnectionTester, dataSourceName -> 1hge1379e10dqwq11bv0qk7|1acfd6f, debugUnreturnedConnectionStackTraces -> false, description -> null, driverClass -> com.mysql.jdbc.Driver, factoryClassLocation -> null, forceIgnoreUnresolvedTransactions -> false, identityToken -> 1hge1379e10dqwq11bv0qk7|1acfd6f, idleConnectionTestPeriod -> 0, initialPoolSize -> 10, jdbcUrl -> jdbc:mysql://127.0.0.1:3306/transport?characterEncoding=utf8&zeroDateTimeBehavior=convertToNull, maxAdministrativeTaskTime -> 0, maxConnectionAge -> 0, maxIdleTime -> 20, maxIdleTimeExcessConnections -> 0, maxPoolSize -> 100, maxStatements -> 0, maxStatementsPerConnection -> 0, minPoolSize -> 10, numHelperThreads -> 3, numThreadsAwaitingCheckoutDefaultUser -> 0, preferredTestQuery -> null, properties -> {user=******, password=******}, propertyCycle -> 0, testConnectionOnCheckin -> false, testConnectionOnCheckout -> false, unreturnedConnectionTimeout -> 0, usesTraditionalReflectiveProxies -> false ]

2016-01-27 20:57:21
[INFO]-[Thread: main]-[com.mchange.v2.log.MLog.<clinit>()]: MLog clients using log4j logging.

2016-01-27 20:57:21
[INFO]-[Thread: main]-[com.mchange.v2.c3p0.C3P0Registry.banner()]: Initializing c3p0-0.9.1.2 [built 21-May-2007 15:04:56; debug? true; trace: 10]

2016-01-27 20:57:21
[INFO]-[Thread: main]-[com.mchange.v2.c3p0.impl.AbstractPoolBackedDataSource.getPoolManager()]: Initializing c3p0 pool... com.mchange.v2.c3p0.ComboPooledDataSource [ acquireIncrement -> 2, acquireRetryAttempts -> 30, acquireRetryDelay -> 1000, autoCommitOnClose -> false, automaticTestTable -> null, breakAfterAcquireFailure -> false, checkoutTimeout -> 0, connectionCustomizerClassName -> null, connectionTesterClassName -> com.mchange.v2.c3p0.impl.DefaultConnectionTester, dataSourceName -> 1hge1379e10e48zh1mnj1w8|3293ae, debugUnreturnedConnectionStackTraces -> false, description -> null, driverClass -> com.mysql.jdbc.Driver, factoryClassLocation -> null, forceIgnoreUnresolvedTransactions -> false, identityToken -> 1hge1379e10e48zh1mnj1w8|3293ae, idleConnectionTestPeriod -> 0, initialPoolSize -> 10, jdbcUrl -> jdbc:mysql://127.0.0.1:3306/transport?characterEncoding=utf8&zeroDateTimeBehavior=convertToNull, maxAdministrativeTaskTime -> 0, maxConnectionAge -> 0, maxIdleTime -> 20, maxIdleTimeExcessConnections -> 0, maxPoolSize -> 100, maxStatements -> 0, maxStatementsPerConnection -> 0, minPoolSize -> 10, numHelperThreads -> 3, numThreadsAwaitingCheckoutDefaultUser -> 0, preferredTestQuery -> null, properties -> {user=******, password=******}, propertyCycle -> 0, testConnectionOnCheckin -> false, testConnectionOnCheckout -> false, unreturnedConnectionTimeout -> 0, usesTraditionalReflectiveProxies -> false ]

2016-01-27 20:58:17
[INFO]-[Thread: main]-[com.mchange.v2.log.MLog.<clinit>()]: MLog clients using log4j logging.

2016-01-27 20:58:17
[INFO]-[Thread: main]-[com.mchange.v2.c3p0.C3P0Registry.banner()]: Initializing c3p0-0.9.1.2 [built 21-May-2007 15:04:56; debug? true; trace: 10]

2016-01-27 20:58:17
[INFO]-[Thread: main]-[com.mchange.v2.c3p0.impl.AbstractPoolBackedDataSource.getPoolManager()]: Initializing c3p0 pool... com.mchange.v2.c3p0.ComboPooledDataSource [ acquireIncrement -> 2, acquireRetryAttempts -> 30, acquireRetryDelay -> 1000, autoCommitOnClose -> false, automaticTestTable -> null, breakAfterAcquireFailure -> false, checkoutTimeout -> 0, connectionCustomizerClassName -> null, connectionTesterClassName -> com.mchange.v2.c3p0.impl.DefaultConnectionTester, dataSourceName -> 1hge1379e10e5ghw7olfkg|1b477f6, debugUnreturnedConnectionStackTraces -> false, description -> null, driverClass -> com.mysql.jdbc.Driver, factoryClassLocation -> null, forceIgnoreUnresolvedTransactions -> false, identityToken -> 1hge1379e10e5ghw7olfkg|1b477f6, idleConnectionTestPeriod -> 0, initialPoolSize -> 10, jdbcUrl -> jdbc:mysql://127.0.0.1:3306/transport?characterEncoding=utf8&zeroDateTimeBehavior=convertToNull, maxAdministrativeTaskTime -> 0, maxConnectionAge -> 0, maxIdleTime -> 20, maxIdleTimeExcessConnections -> 0, maxPoolSize -> 100, maxStatements -> 0, maxStatementsPerConnection -> 0, minPoolSize -> 10, numHelperThreads -> 3, numThreadsAwaitingCheckoutDefaultUser -> 0, preferredTestQuery -> null, properties -> {user=******, password=******}, propertyCycle -> 0, testConnectionOnCheckin -> false, testConnectionOnCheckout -> false, unreturnedConnectionTimeout -> 0, usesTraditionalReflectiveProxies -> false ]

2016-01-27 21:03:51
[INFO]-[Thread: main]-[com.mchange.v2.log.MLog.<clinit>()]: MLog clients using log4j logging.

2016-01-27 21:03:51
[INFO]-[Thread: main]-[com.mchange.v2.c3p0.C3P0Registry.banner()]: Initializing c3p0-0.9.1.2 [built 21-May-2007 15:04:56; debug? true; trace: 10]

2016-01-27 21:03:51
[INFO]-[Thread: main]-[com.mchange.v2.c3p0.impl.AbstractPoolBackedDataSource.getPoolManager()]: Initializing c3p0 pool... com.mchange.v2.c3p0.ComboPooledDataSource [ acquireIncrement -> 2, acquireRetryAttempts -> 30, acquireRetryDelay -> 1000, autoCommitOnClose -> false, automaticTestTable -> null, breakAfterAcquireFailure -> false, checkoutTimeout -> 0, connectionCustomizerClassName -> null, connectionTesterClassName -> com.mchange.v2.c3p0.impl.DefaultConnectionTester, dataSourceName -> 1hge1379e10eclwpyf28gh|7db7e6, debugUnreturnedConnectionStackTraces -> false, description -> null, driverClass -> com.mysql.jdbc.Driver, factoryClassLocation -> null, forceIgnoreUnresolvedTransactions -> false, identityToken -> 1hge1379e10eclwpyf28gh|7db7e6, idleConnectionTestPeriod -> 0, initialPoolSize -> 10, jdbcUrl -> jdbc:mysql://127.0.0.1:3306/transport?characterEncoding=utf8&zeroDateTimeBehavior=convertToNull, maxAdministrativeTaskTime -> 0, maxConnectionAge -> 0, maxIdleTime -> 20, maxIdleTimeExcessConnections -> 0, maxPoolSize -> 100, maxStatements -> 0, maxStatementsPerConnection -> 0, minPoolSize -> 10, numHelperThreads -> 3, numThreadsAwaitingCheckoutDefaultUser -> 0, preferredTestQuery -> null, properties -> {user=******, password=******}, propertyCycle -> 0, testConnectionOnCheckin -> false, testConnectionOnCheckout -> false, unreturnedConnectionTimeout -> 0, usesTraditionalReflectiveProxies -> false ]
